2016-04-28 11:51:34,863 - root - INFO - Function "er_capacity" beginning.
2016-04-28 11:51:34,887 - root - INFO - Running 30 networks per network size with p_connect = 0.1.
2016-04-28 11:51:34,888 - root - INFO - Running networks of size 100.

2016-04-28 11:51:34,888 - root - INFO - Building network # 1.

2016-04-28 11:51:34,893 - root - INFO - Collecting sequences of length 4.

2016-04-28 11:51:56,849 - root - INFO - Building network # 2.

2016-04-28 11:51:56,854 - root - INFO - Collecting sequences of length 4.

2016-04-28 11:52:28,847 - root - INFO - Building network # 3.

2016-04-28 11:52:28,853 - root - INFO - Collecting sequences of length 4.

2016-04-28 11:52:54,336 - root - INFO - Building network # 4.

2016-04-28 11:52:54,341 - root - INFO - Collecting sequences of length 4.

2016-04-28 11:53:20,423 - root - INFO - Building network # 5.

2016-04-28 11:53:20,428 - root - INFO - Collecting sequences of length 4.

2016-04-28 11:53:49,825 - root - INFO - Building network # 6.

2016-04-28 11:53:49,830 - root - INFO - Collecting sequences of length 4.

2016-04-28 11:54:19,259 - root - INFO - Building network # 7.

2016-04-28 11:54:19,265 - root - INFO - Collecting sequences of length 4.

2016-04-28 11:54:48,686 - root - INFO - Building network # 8.

2016-04-28 11:54:48,691 - root - INFO - Collecting sequences of length 4.

2016-04-28 11:55:17,529 - root - INFO - Building network # 9.

2016-04-28 11:55:17,534 - root - INFO - Collecting sequences of length 4.

2016-04-28 11:55:41,722 - root - INFO - Building network # 10.

2016-04-28 11:55:41,727 - root - INFO - Collecting sequences of length 4.

2016-04-28 11:56:12,941 - root - INFO - Building network # 11.

2016-04-28 11:56:12,946 - root - INFO - Collecting sequences of length 4.

2016-04-28 11:56:42,081 - root - INFO - Building network # 12.

2016-04-28 11:56:42,086 - root - INFO - Collecting sequences of length 4.

2016-04-28 11:57:13,607 - root - INFO - Building network # 13.

2016-04-28 11:57:13,612 - root - INFO - Collecting sequences of length 4.

2016-04-28 11:57:42,676 - root - INFO - Building network # 14.

2016-04-28 11:57:42,681 - root - INFO - Collecting sequences of length 4.

2016-04-28 11:58:14,834 - root - INFO - Building network # 15.

2016-04-28 11:58:14,839 - root - INFO - Collecting sequences of length 4.

2016-04-28 11:58:44,883 - root - INFO - Building network # 16.

2016-04-28 11:58:44,888 - root - INFO - Collecting sequences of length 4.

2016-04-28 11:59:06,738 - root - INFO - Building network # 17.

2016-04-28 11:59:06,743 - root - INFO - Collecting sequences of length 4.

2016-04-28 11:59:32,594 - root - INFO - Building network # 18.

2016-04-28 11:59:32,599 - root - INFO - Collecting sequences of length 4.

2016-04-28 12:00:04,127 - root - INFO - Building network # 19.

2016-04-28 12:00:04,133 - root - INFO - Collecting sequences of length 4.

2016-04-28 12:00:38,238 - root - INFO - Building network # 20.

2016-04-28 12:00:38,243 - root - INFO - Collecting sequences of length 4.

2016-04-28 12:01:04,961 - root - INFO - Building network # 21.

2016-04-28 12:01:04,966 - root - INFO - Collecting sequences of length 4.

2016-04-28 12:01:34,141 - root - INFO - Building network # 22.

2016-04-28 12:01:34,146 - root - INFO - Collecting sequences of length 4.

2016-04-28 12:02:02,669 - root - INFO - Building network # 23.

2016-04-28 12:02:02,674 - root - INFO - Collecting sequences of length 4.

2016-04-28 12:02:26,450 - root - INFO - Building network # 24.

2016-04-28 12:02:26,455 - root - INFO - Collecting sequences of length 4.

2016-04-28 12:02:50,922 - root - INFO - Building network # 25.

2016-04-28 12:02:50,927 - root - INFO - Collecting sequences of length 4.

2016-04-28 12:03:19,132 - root - INFO - Building network # 26.

2016-04-28 12:03:19,137 - root - INFO - Collecting sequences of length 4.

2016-04-28 12:03:45,613 - root - INFO - Building network # 27.

2016-04-28 12:03:45,619 - root - INFO - Collecting sequences of length 4.

2016-04-28 12:04:15,349 - root - INFO - Building network # 28.

2016-04-28 12:04:15,355 - root - INFO - Collecting sequences of length 4.

2016-04-28 12:04:43,880 - root - INFO - Building network # 29.

2016-04-28 12:04:43,885 - root - INFO - Collecting sequences of length 4.

2016-04-28 12:05:09,308 - root - INFO - Building network # 30.

2016-04-28 12:05:09,313 - root - INFO - Collecting sequences of length 4.

2016-04-28 12:05:38,254 - root - INFO - Running 30 networks per network size with p_connect = 0.2.
2016-04-28 12:05:38,254 - root - INFO - Running networks of size 100.

2016-04-28 12:05:38,254 - root - INFO - Building network # 1.

2016-04-28 12:05:38,261 - root - INFO - Collecting sequences of length 4.

2016-04-28 12:08:44,710 - root - INFO - Building network # 2.

2016-04-28 12:08:44,731 - root - INFO - Collecting sequences of length 4.

2016-04-28 12:11:48,405 - root - INFO - Building network # 3.

2016-04-28 12:11:48,425 - root - INFO - Collecting sequences of length 4.

2016-04-28 12:14:57,963 - root - INFO - Building network # 4.

2016-04-28 12:14:57,984 - root - INFO - Collecting sequences of length 4.

2016-04-28 12:18:12,199 - root - INFO - Building network # 5.

2016-04-28 12:18:12,221 - root - INFO - Collecting sequences of length 4.

2016-04-28 12:21:27,678 - root - INFO - Building network # 6.

2016-04-28 12:21:27,700 - root - INFO - Collecting sequences of length 4.

2016-04-28 12:24:32,101 - root - INFO - Building network # 7.

2016-04-28 12:24:32,121 - root - INFO - Collecting sequences of length 4.

2016-04-28 12:27:51,762 - root - INFO - Building network # 8.

2016-04-28 12:27:51,785 - root - INFO - Collecting sequences of length 4.

2016-04-28 12:31:03,478 - root - INFO - Building network # 9.

2016-04-28 12:31:03,500 - root - INFO - Collecting sequences of length 4.

2016-04-28 12:34:14,990 - root - INFO - Building network # 10.

2016-04-28 12:34:15,011 - root - INFO - Collecting sequences of length 4.

2016-04-28 12:37:13,734 - root - INFO - Building network # 11.

2016-04-28 12:37:13,754 - root - INFO - Collecting sequences of length 4.

2016-04-28 12:40:23,840 - root - INFO - Building network # 12.

2016-04-28 12:40:23,862 - root - INFO - Collecting sequences of length 4.

2016-04-28 12:43:57,894 - root - INFO - Building network # 13.

2016-04-28 12:43:57,918 - root - INFO - Collecting sequences of length 4.

2016-04-28 12:47:27,519 - root - INFO - Building network # 14.

2016-04-28 12:47:27,557 - root - INFO - Collecting sequences of length 4.

2016-04-28 12:50:41,530 - root - INFO - Building network # 15.

2016-04-28 12:50:41,552 - root - INFO - Collecting sequences of length 4.

2016-04-28 12:54:19,446 - root - INFO - Building network # 16.

2016-04-28 12:54:19,470 - root - INFO - Collecting sequences of length 4.

2016-04-28 12:57:31,045 - root - INFO - Building network # 17.

2016-04-28 12:57:31,066 - root - INFO - Collecting sequences of length 4.

2016-04-28 13:00:49,485 - root - INFO - Building network # 18.

2016-04-28 13:00:49,506 - root - INFO - Collecting sequences of length 4.

2016-04-28 13:04:12,310 - root - INFO - Building network # 19.

2016-04-28 13:04:12,333 - root - INFO - Collecting sequences of length 4.

2016-04-28 13:07:18,292 - root - INFO - Building network # 20.

2016-04-28 13:07:18,313 - root - INFO - Collecting sequences of length 4.

2016-04-28 13:10:03,097 - root - INFO - Building network # 21.

2016-04-28 13:10:03,116 - root - INFO - Collecting sequences of length 4.

2016-04-28 13:13:13,195 - root - INFO - Building network # 22.

2016-04-28 13:13:13,232 - root - INFO - Collecting sequences of length 4.

2016-04-28 13:16:23,409 - root - INFO - Building network # 23.

2016-04-28 13:16:23,431 - root - INFO - Collecting sequences of length 4.

2016-04-28 13:19:47,950 - root - INFO - Building network # 24.

2016-04-28 13:19:47,973 - root - INFO - Collecting sequences of length 4.

2016-04-28 13:23:06,403 - root - INFO - Building network # 25.

2016-04-28 13:23:06,425 - root - INFO - Collecting sequences of length 4.

2016-04-28 13:26:12,721 - root - INFO - Building network # 26.

2016-04-28 13:26:12,757 - root - INFO - Collecting sequences of length 4.

2016-04-28 13:29:22,995 - root - INFO - Building network # 27.

2016-04-28 13:29:23,017 - root - INFO - Collecting sequences of length 4.

2016-04-28 13:32:50,233 - root - INFO - Building network # 28.

2016-04-28 13:32:50,256 - root - INFO - Collecting sequences of length 4.

2016-04-28 13:35:52,817 - root - INFO - Building network # 29.

2016-04-28 13:35:52,838 - root - INFO - Collecting sequences of length 4.

2016-04-28 13:39:10,579 - root - INFO - Building network # 30.

2016-04-28 13:39:10,601 - root - INFO - Collecting sequences of length 4.

2016-04-28 13:42:27,086 - root - INFO - Running 30 networks per network size with p_connect = 0.3.
2016-04-28 13:42:27,087 - root - INFO - Running networks of size 100.

2016-04-28 13:42:27,087 - root - INFO - Building network # 1.

2016-04-28 13:42:27,126 - root - INFO - Collecting sequences of length 4.

2016-04-28 13:52:57,136 - root - INFO - Building network # 2.

2016-04-28 13:52:57,252 - root - INFO - Collecting sequences of length 4.

2016-04-28 14:02:12,498 - root - INFO - Building network # 3.

2016-04-28 14:02:12,553 - root - INFO - Collecting sequences of length 4.

2016-04-28 14:11:48,968 - root - INFO - Building network # 4.

2016-04-28 14:11:49,026 - root - INFO - Collecting sequences of length 4.

2016-04-28 14:21:37,823 - root - INFO - Building network # 5.

2016-04-28 14:21:37,881 - root - INFO - Collecting sequences of length 4.

2016-04-28 14:31:28,315 - root - INFO - Building network # 6.

2016-04-28 14:31:28,423 - root - INFO - Collecting sequences of length 4.

2016-04-28 14:40:55,124 - root - INFO - Building network # 7.

2016-04-28 14:40:55,228 - root - INFO - Collecting sequences of length 4.

2016-04-28 14:51:27,779 - root - INFO - Building network # 8.

2016-04-28 14:51:27,843 - root - INFO - Collecting sequences of length 4.

2016-04-28 15:00:14,613 - root - INFO - Building network # 9.

2016-04-28 15:00:14,667 - root - INFO - Collecting sequences of length 4.

2016-04-28 15:10:42,476 - root - INFO - Building network # 10.

2016-04-28 15:10:42,540 - root - INFO - Collecting sequences of length 4.

2016-04-28 15:20:23,612 - root - INFO - Building network # 11.

2016-04-28 15:20:23,670 - root - INFO - Collecting sequences of length 4.

2016-04-28 15:29:53,673 - root - INFO - Building network # 12.

2016-04-28 15:29:53,733 - root - INFO - Collecting sequences of length 4.

2016-04-28 15:40:17,236 - root - INFO - Building network # 13.

2016-04-28 15:40:17,301 - root - INFO - Collecting sequences of length 4.

2016-04-28 15:50:16,825 - root - INFO - Building network # 14.

2016-04-28 15:50:16,935 - root - INFO - Collecting sequences of length 4.

2016-04-28 15:59:34,446 - root - INFO - Building network # 15.

2016-04-28 15:59:34,504 - root - INFO - Collecting sequences of length 4.

2016-04-28 16:09:00,986 - root - INFO - Building network # 16.

2016-04-28 16:09:01,044 - root - INFO - Collecting sequences of length 4.

2016-04-28 16:18:57,471 - root - INFO - Building network # 17.

2016-04-28 16:18:57,531 - root - INFO - Collecting sequences of length 4.

2016-04-28 16:28:39,539 - root - INFO - Building network # 18.

2016-04-28 16:28:39,598 - root - INFO - Collecting sequences of length 4.

2016-04-28 16:38:07,123 - root - INFO - Building network # 19.

2016-04-28 16:38:07,183 - root - INFO - Collecting sequences of length 4.

2016-04-28 16:48:10,468 - root - INFO - Building network # 20.

2016-04-28 16:48:10,580 - root - INFO - Collecting sequences of length 4.

2016-04-28 16:58:24,712 - root - INFO - Building network # 21.

2016-04-28 16:58:24,831 - root - INFO - Collecting sequences of length 4.

2016-04-28 17:08:49,256 - root - INFO - Building network # 22.

2016-04-28 17:08:49,318 - root - INFO - Collecting sequences of length 4.

2016-04-28 17:18:20,914 - root - INFO - Building network # 23.

2016-04-28 17:18:20,973 - root - INFO - Collecting sequences of length 4.

2016-04-28 17:27:14,565 - root - INFO - Building network # 24.

2016-04-28 17:27:14,621 - root - INFO - Collecting sequences of length 4.

2016-04-28 17:37:00,693 - root - INFO - Building network # 25.

2016-04-28 17:37:00,755 - root - INFO - Collecting sequences of length 4.

2016-04-28 17:46:45,829 - root - INFO - Building network # 26.

2016-04-28 17:46:45,889 - root - INFO - Collecting sequences of length 4.

2016-04-28 17:56:49,933 - root - INFO - Building network # 27.

2016-04-28 17:56:49,997 - root - INFO - Collecting sequences of length 4.

2016-04-28 18:07:08,113 - root - INFO - Building network # 28.

2016-04-28 18:07:08,179 - root - INFO - Collecting sequences of length 4.

2016-04-28 18:17:10,524 - root - INFO - Building network # 29.

2016-04-28 18:17:10,587 - root - INFO - Collecting sequences of length 4.

2016-04-28 18:27:13,711 - root - INFO - Building network # 30.

2016-04-28 18:27:13,773 - root - INFO - Collecting sequences of length 4.

2016-04-28 18:36:51,218 - root - INFO - Function "er_capacity" completed.


